<?xml version="1.0" encoding="UTF-8"?>
<coverage generated="1598260416184" clover="3.2.0">
  <project timestamp="1598260416184" name="All files">
    <metrics statements="1" coveredstatements="1" conditionals="0" coveredconditionals="0" methods="0" coveredmethods="0" elements="1" coveredelements="1" complexity="0" loc="1" ncloc="1" packages="1" files="1" classes="1"/>
    <file name="OnOff.vue" path="/Users/mattiaslindvonvogelsang/Documents/Frontend Jensen/Testing, packeting & delivery/Advanced-vue-testing/interpret42/src/components/OnOff.vue">
      <metrics statements="1" coveredstatements="1" conditionals="0" coveredconditionals="0" methods="0" coveredmethods="0"/>
      <line num="9" count="1" type="stmt"/>
    </file>
  </project>
</coverage>
